$group
[1] "a_group152"

$members
[1] "Bony Jaison"      "Anna Susan Moncy" "Jency Jose"       "Navaneeth Joshi" 
[5] "Jubil Ann Tom"   

$topic
[1] "Concussion Injuries"

$RQ
[1] "Is there a difference in mean recovery time of concussion injury among different playing positions?"

$`independent-var`
[1] "Position"

$`dependent-var`
[1] "Week.of.Injury"

$`null-hypothesis`
[1] "Mean Recovery time for Concussion injury is more for NFL players"

$`alt-hypothesis`
[1] "Mean Recovery time for Concussion injury is Not more for NFL players"

$`dataset-url`
[1] "https://data.world/alice-c/nfl/workspace/file?filename=Concussion+Injuries+2012-2014.csv"

$columns
[1] "[1] \"ID\"                               \"Player\"\n[3] \"Team\"                             \"Game\"\n[5] \"Date\"                             \"Opposing.Team\"\n[7] \"Position\"                         \"Pre.Season.Injury.\"\n[9] \"Winning.Team.\"                    \"Week.of.Injury\"\n[11] \"Season\"                           \"Weeks.Injured\"\n[13] \"Games.Missed\"                     \"Unknown.Injury.\"\n[15] \"Reported.Injury.Type\"             \"Total.Snaps\"\n[17] \"Play.Time.After.Injury\"           \"Average.Playtime.Before.Injury\"\n "

OK
── Attaching packages ─────────────────────────────────────── tidyverse 1.3.2 ──
✔ ggplot2 3.3.6      ✔ dplyr   1.0.10
✔ tibble  3.1.8      ✔ stringr 1.4.0 
✔ tidyr   1.1.4      ✔ forcats 0.5.1 
✔ purrr   0.3.4      
── Conflicts ────────────────────────────────────────── tidyverse_conflicts() ──
✖ dplyr::filter() masks stats::filter()
✖ dplyr::lag()    masks stats::lag()
null device 
          1 
$group
[1] "a_group152"

$members
[1] "Bony Jaison"      "Anna Susan Moncy" "Jency Jose"       "Navaneeth Joshi" 
[5] "Jubil Ann Tom"   

$topic
[1] "Concussion Injuries"

$RQ
[1] "Is there a difference in mean recovery time of concussion injury among different playing positions?"

$`independent-var`
[1] "Position"

$`dependent-var`
[1] "Week.of.Injury"

$`null-hypothesis`
[1] "Mean Recovery time for Concussion injury is more for NFL players"

$`alt-hypothesis`
[1] "Mean Recovery time for Concussion injury is Not more for NFL players"

$`dataset-url`
[1] "https://data.world/alice-c/nfl/workspace/file?filename=Concussion+Injuries+2012-2014.csv"

$columns
[1] "[1] \"ID\"                               \"Player\"\n[3] \"Team\"                             \"Game\"\n[5] \"Date\"                             \"Opposing.Team\"\n[7] \"Position\"                         \"Pre.Season.Injury.\"\n[9] \"Winning.Team.\"                    \"Week.of.Injury\"\n[11] \"Season\"                           \"Weeks.Injured\"\n[13] \"Games.Missed\"                     \"Unknown.Injury.\"\n[15] \"Reported.Injury.Type\"             \"Total.Snaps\"\n[17] \"Play.Time.After.Injury\"           \"Average.Playtime.Before.Injury\"\n "

OK
── Attaching packages ─────────────────────────────────────── tidyverse 1.3.2 ──
✔ ggplot2 3.3.6      ✔ dplyr   1.0.10
✔ tibble  3.1.8      ✔ stringr 1.4.0 
✔ tidyr   1.1.4      ✔ forcats 0.5.1 
✔ purrr   0.3.4      
── Conflicts ────────────────────────────────────────── tidyverse_conflicts() ──
✖ dplyr::filter() masks stats::filter()
✖ dplyr::lag()    masks stats::lag()
null device 
          1 
$group
[1] "a_group152"

$members
[1] "Bony Jaison"      "Anna Susan Moncy" "Jency Jose"       "Navaneeth Joshi" 
[5] "Jubil Ann Tom"   

$topic
[1] "Concussion Injuries"

$RQ
[1] "Is there a difference in mean recovery time of concussion injury among different playing positions?"

$`independent-var`
[1] "Position"

$`dependent-var`
[1] "Week.of.Injury"

$`null-hypothesis`
[1] "Mean Recovery time for Concussion injury is more for NFL players"

$`alt-hypothesis`
[1] "Mean Recovery time for Concussion injury is Not more for NFL players"

$`dataset-url`
[1] "https://data.world/alice-c/nfl/workspace/file?filename=Concussion+Injuries+2012-2014.csv"

$columns
[1] "[1] \"ID\"                               \"Player\"\n[3] \"Team\"                             \"Game\"\n[5] \"Date\"                             \"Opposing.Team\"\n[7] \"Position\"                         \"Pre.Season.Injury.\"\n[9] \"Winning.Team.\"                    \"Week.of.Injury\"\n[11] \"Season\"                           \"Weeks.Injured\"\n[13] \"Games.Missed\"                     \"Unknown.Injury.\"\n[15] \"Reported.Injury.Type\"             \"Total.Snaps\"\n[17] \"Play.Time.After.Injury\"           \"Average.Playtime.Before.Injury\"\n "

OK
── Attaching packages ─────────────────────────────────────── tidyverse 1.3.2 ──
✔ ggplot2 3.3.6      ✔ dplyr   1.0.10
✔ tibble  3.1.8      ✔ stringr 1.4.0 
✔ tidyr   1.1.4      ✔ forcats 0.5.1 
✔ purrr   0.3.4      
── Conflicts ────────────────────────────────────────── tidyverse_conflicts() ──
✖ dplyr::filter() masks stats::filter()
✖ dplyr::lag()    masks stats::lag()
null device 
          1 
